<?xml version="1.0" encoding="UTF-8"?>
<testng-results ignored="0" total="1" passed="0" failed="1" skipped="0">
  <reporter-output>
  </reporter-output>
  <suite started-at="2021-05-25T12:02:56 CAT" name="Default suite" finished-at="2021-05-25T12:03:44 CAT" duration-ms="48435">
    <groups>
    </groups>
    <test started-at="2021-05-25T12:02:56 CAT" name="Default test" finished-at="2021-05-25T12:03:44 CAT" duration-ms="48435">
      <class name="genericfunctions.AssessmentOne">
        <test-method is-config="true" signature="beforeMethod()[pri:0, instance:genericfunctions.AssessmentOne@759d26fb]" started-at="2021-05-25T12:02:56 CAT" name="beforeMethod" finished-at="2021-05-25T12:03:01 CAT" duration-ms="5414" status="PASS">
          <reporter-output>
          </reporter-output>
        </test-method> <!-- beforeMethod -->
        <test-method signature="main()[pri:0, instance:genericfunctions.AssessmentOne@759d26fb]" started-at="2021-05-25T12:03:01 CAT" name="main" finished-at="2021-05-25T12:03:37 CAT" duration-ms="35256" status="FAIL">
          <exception class="java.lang.ClassCastException">
            <message>
              <![CDATA[class genericfunctions.UtilityFunctions cannot be cast to class org.openqa.selenium.WebElement (genericfunctions.UtilityFunctions and org.openqa.selenium.WebElement are in unnamed module of loader 'app')]]>
            </message>
            <full-stacktrace>
              <![CDATA[java.lang.ClassCastException: class genericfunctions.UtilityFunctions cannot be cast to class org.openqa.selenium.WebElement (genericfunctions.UtilityFunctions and org.openqa.selenium.WebElement are in unnamed module of loader 'app')
at genericfunctions.AssessmentOne.main(AssessmentOne.java:84)
at java.base/jdk.internal.reflect.NativeMethodAccessorImpl.invoke0(Native Method)
at java.base/jdk.internal.reflect.NativeMethodAccessorImpl.invoke(NativeMethodAccessorImpl.java:62)
at java.base/jdk.internal.reflect.DelegatingMethodAccessorImpl.invoke(DelegatingMethodAccessorImpl.java:43)
at java.base/java.lang.reflect.Method.invoke(Method.java:566)
at org.testng.internal.MethodInvocationHelper.invokeMethod(MethodInvocationHelper.java:132)
at org.testng.internal.TestInvoker.invokeMethod(TestInvoker.java:599)
at org.testng.internal.TestInvoker.invokeTestMethod(TestInvoker.java:174)
at org.testng.internal.MethodRunner.runInSequence(MethodRunner.java:46)
at org.testng.internal.TestInvoker$MethodInvocationAgent.invoke(TestInvoker.java:822)
at org.testng.internal.TestInvoker.invokeTestMethods(TestInvoker.java:147)
at org.testng.internal.TestMethodWorker.invokeTestMethods(TestMethodWorker.java:146)
at org.testng.internal.TestMethodWorker.run(TestMethodWorker.java:128)
at java.base/java.util.ArrayList.forEach(ArrayList.java:1541)
at org.testng.TestRunner.privateRun(TestRunner.java:764)
at org.testng.TestRunner.run(TestRunner.java:585)
at org.testng.SuiteRunner.runTest(SuiteRunner.java:384)
at org.testng.SuiteRunner.runSequentially(SuiteRunner.java:378)
at org.testng.SuiteRunner.privateRun(SuiteRunner.java:337)
at org.testng.SuiteRunner.run(SuiteRunner.java:286)
at org.testng.SuiteRunnerWorker.runSuite(SuiteRunnerWorker.java:53)
at org.testng.SuiteRunnerWorker.run(SuiteRunnerWorker.java:96)
at org.testng.TestNG.runSuitesSequentially(TestNG.java:1218)
at org.testng.TestNG.runSuitesLocally(TestNG.java:1140)
at org.testng.TestNG.runSuites(TestNG.java:1069)
at org.testng.TestNG.run(TestNG.java:1037)
at org.testng.remote.AbstractRemoteTestNG.run(AbstractRemoteTestNG.java:115)
at org.testng.remote.RemoteTestNG.initAndRun(RemoteTestNG.java:251)
at org.testng.remote.RemoteTestNG.main(RemoteTestNG.java:77)
]]>
            </full-stacktrace>
          </exception> <!-- java.lang.ClassCastException -->
          <reporter-output>
          </reporter-output>
        </test-method> <!-- main -->
        <test-method is-config="true" signature="afterMethod()[pri:0, instance:genericfunctions.AssessmentOne@759d26fb]" started-at="2021-05-25T12:03:37 CAT" name="afterMethod" finished-at="2021-05-25T12:03:44 CAT" duration-ms="7692" status="PASS">
          <reporter-output>
          </reporter-output>
        </test-method> <!-- afterMethod -->
      </class> <!-- genericfunctions.AssessmentOne -->
    </test> <!-- Default test -->
  </suite> <!-- Default suite -->
</testng-results>
